<?xml version="1.0" encoding="UTF-8"?>
<!-- Generated by org.testng.reporters.JUnitReportReporter -->
<testsuite skipped="0" hostname="A4ML12351" name="methods.Method_Post" tests="2" failures="0" timestamp="2020-08-16T20:49:24 IST" time="6.977" errors="0">
  <testcase name="createUser" time="1.956" classname="methods.Method_Post"/>
  <system-out/>
  <testcase name="createUser" time="5.021" classname="methods.Method_Post"/>
  <system-out/>
</testsuite> <!-- methods.Method_Post -->
