<?xml version="1.0" encoding="UTF-8"?>
<!-- Generated by org.testng.reporters.JUnitReportReporter -->
<testsuite skipped="5" hostname="A4ML12351" name="methods.Method_Get" tests="7" failures="0" timestamp="2020-08-16T19:19:38 IST" time="6.860" errors="0">
  <testcase name="listUsers_Negative_TC" time="1.323" classname="methods.Method_Get"/>
  <system-out/>
  <testcase name="listUsers" time="5.537" classname="methods.Method_Get"/>
  <system-out/>
  <testcase name="singleResource" classname="methods.Method_Get">
    <skipped/>
  </testcase> <!-- singleResource -->
  <system-out/>
  <testcase name="listResource" classname="methods.Method_Get">
    <skipped/>
  </testcase> <!-- listResource -->
  <system-out/>
  <testcase name="singleUser" classname="methods.Method_Get">
    <skipped/>
  </testcase> <!-- singleUser -->
  <system-out/>
  <testcase name="singleResourceNotFound" classname="methods.Method_Get">
    <skipped/>
  </testcase> <!-- singleResourceNotFound -->
  <system-out/>
  <testcase name="singleUserNotFound" classname="methods.Method_Get">
    <skipped/>
  </testcase> <!-- singleUserNotFound -->
  <system-out/>
</testsuite> <!-- methods.Method_Get -->
